The system is: Linux - 5.15.0-46-generic - x86_64
Compiling the C compiler identification source file "CMakeCCompilerId.c" succeeded.
Compiler: /usr/bin/clang 
Build flags: 
Id flags:  

The output was:
0


Compilation of the C compiler identification source "CMakeCCompilerId.c" produced "a.out"

The C compiler identification is Clang, found in "/home/alien/Desktop/c++/build/CMakeFiles/3.16.3/CompilerIdC/a.out"

Determining if the C compiler works passed with the following output:
Change Dir: /home/alien/Desktop/c++/build/CMakeFiles/CMakeTmp

Run Build Command(s):/usr/bin/make cmTC_49e3e/fast && /usr/bin/make -f CMakeFiles/cmTC_49e3e.dir/build.make CMakeFiles/cmTC_49e3e.dir/build
make[1]: Entering directory '/home/alien/Desktop/c++/build/CMakeFiles/CMakeTmp'
Building C object CMakeFiles/cmTC_49e3e.dir/testCCompiler.c.o
/usr/bin/clang    -o CMakeFiles/cmTC_49e3e.dir/testCCompiler.c.o   -c /home/alien/Desktop/c++/build/CMakeFiles/CMakeTmp/testCCompiler.c
Linking C executable cmTC_49e3e
/usr/bin/cmake -E cmake_link_script CMakeFiles/cmTC_49e3e.dir/link.txt --verbose=1
/usr/bin/clang      -rdynamic CMakeFiles/cmTC_49e3e.dir/testCCompiler.c.o  -o cmTC_49e3e 
make[1]: Leaving directory '/home/alien/Desktop/c++/build/CMakeFiles/CMakeTmp'



Detecting C compiler ABI info compiled with the following output:
Change Dir: /home/alien/Desktop/c++/build/CMakeFiles/CMakeTmp

Run Build Command(s):/usr/bin/make cmTC_6a9d7/fast && /usr/bin/make -f CMakeFiles/cmTC_6a9d7.dir/build.make CMakeFiles/cmTC_6a9d7.dir/build
make[1]: Entering directory '/home/alien/Desktop/c++/build/CMakeFiles/CMakeTmp'
Building C object CMakeFiles/cmTC_6a9d7.dir/CMakeCCompilerABI.c.o
/usr/bin/clang   -v -o CMakeFiles/cmTC_6a9d7.dir/CMakeCCompilerABI.c.o   -c /usr/share/cmake-3.16/Modules/CMakeCCompilerABI.c
clang version 10.0.0-4ubuntu1 
Target: x86_64-pc-linux-gnu
Thread model: posix
InstalledDir: /usr/bin
Found candidate GCC installation: /usr/bin/../lib/gcc/x86_64-linux-gnu/9
Found candidate GCC installation: /usr/lib/gcc/x86_64-linux-gnu/9
Selected GCC installation: /usr/bin/../lib/gcc/x86_64-linux-gnu/9
Candidate multilib: .;@m64
Selected multilib: .;@m64
 (in-process)
 "/usr/lib/llvm-10/bin/clang" -cc1 -triple x86_64-pc-linux-gnu -emit-obj -mrelax-all -disable-free -disable-llvm-verifier -discard-value-names -main-file-name CMakeCCompilerABI.c -mrelocation-model static -mthread-model posix -mframe-pointer=all -fmath-errno -fno-rounding-math -masm-verbose -mconstructor-aliases -munwind-tables -target-cpu x86-64 -dwarf-column-info -fno-split-dwarf-inlining -debugger-tuning=gdb -v -resource-dir /usr/lib/llvm-10/lib/clang/10.0.0 -internal-isystem /usr/local/include -internal-isystem /usr/lib/llvm-10/lib/clang/10.0.0/include -internal-externc-isystem /usr/include/x86_64-linux-gnu -internal-externc-isystem /include -internal-externc-isystem /usr/include -fdebug-compilation-dir /home/alien/Desktop/c++/build/CMakeFiles/CMakeTmp -ferror-limit 19 -fmessage-length 0 -fgnuc-version=4.2.1 -fobjc-runtime=gcc -fdiagnostics-show-option -faddrsig -o CMakeFiles/cmTC_6a9d7.dir/CMakeCCompilerABI.c.o -x c /usr/share/cmake-3.16/Modules/CMakeCCompilerABI.c
clang -cc1 version 10.0.0 based upon LLVM 10.0.0 default target x86_64-pc-linux-gnu
ignoring nonexistent directory "/include"
#include "..." search starts here:
#include <...> search starts here:
 /usr/local/include
 /usr/lib/llvm-10/lib/clang/10.0.0/include
 /usr/include/x86_64-linux-gnu
 /usr/include
End of search list.
Linking C executable cmTC_6a9d7
/usr/bin/cmake -E cmake_link_script CMakeFiles/cmTC_6a9d7.dir/link.txt --verbose=1
/usr/bin/clang     -v -rdynamic CMakeFiles/cmTC_6a9d7.dir/CMakeCCompilerABI.c.o  -o cmTC_6a9d7 
clang version 10.0.0-4ubuntu1 
Target: x86_64-pc-linux-gnu
Thread model: posix
InstalledDir: /usr/bin
Found candidate GCC installation: /usr/bin/../lib/gcc/x86_64-linux-gnu/9
Found candidate GCC installation: /usr/lib/gcc/x86_64-linux-gnu/9
Selected GCC installation: /usr/bin/../lib/gcc/x86_64-linux-gnu/9
Candidate multilib: .;@m64
Selected multilib: .;@m64
 "/usr/bin/ld" -export-dynamic -z relro --hash-style=gnu --build-id --eh-frame-hdr -m elf_x86_64 -export-dynamic -dynamic-linker /lib64/ld-linux-x86-64.so.2 -o cmTC_6a9d7 /usr/bin/../lib/gcc/x86_64-linux-gnu/9/../../../x86_64-linux-gnu/crt1.o /usr/bin/../lib/gcc/x86_64-linux-gnu/9/../../../x86_64-linux-gnu/crti.o /usr/bin/../lib/gcc/x86_64-linux-gnu/9/crtbegin.o -L/usr/bin/../lib/gcc/x86_64-linux-gnu/9 -L/usr/bin/../lib/gcc/x86_64-linux-gnu/9/../../../x86_64-linux-gnu -L/usr/bin/../lib/gcc/x86_64-linux-gnu/9/../../../../lib64 -L/lib/x86_64-linux-gnu -L/lib/../lib64 -L/usr/lib/x86_64-linux-gnu -L/usr/lib/../lib64 -L/usr/lib/x86_64-linux-gnu/../../lib64 -L/usr/bin/../lib/gcc/x86_64-linux-gnu/9/../../.. -L/usr/lib/llvm-10/bin/../lib -L/lib -L/usr/lib CMakeFiles/cmTC_6a9d7.dir/CMakeCCompilerABI.c.o -lgcc --as-needed -lgcc_s --no-as-needed -lc -lgcc --as-needed -lgcc_s --no-as-needed /usr/bin/../lib/gcc/x86_64-linux-gnu/9/crtend.o /usr/bin/../lib/gcc/x86_64-linux-gnu/9/../../../x86_64-linux-gnu/crtn.o
make[1]: Leaving directory '/home/alien/Desktop/c++/build/CMakeFiles/CMakeTmp'



Parsed C implicit include dir info from above output: rv=done
  found start of include info
  found start of implicit include info
    add: [/usr/local/include]
    add: [/usr/lib/llvm-10/lib/clang/10.0.0/include]
    add: [/usr/include/x86_64-linux-gnu]
    add: [/usr/include]
  end of search list found
  collapse include dir [/usr/local/include] ==> [/usr/local/include]
  collapse include dir [/usr/lib/llvm-10/lib/clang/10.0.0/include] ==> [/usr/lib/llvm-10/lib/clang/10.0.0/include]
  collapse include dir [/usr/include/x86_64-linux-gnu] ==> [/usr/include/x86_64-linux-gnu]
  collapse include dir [/usr/include] ==> [/usr/include]
  implicit include dirs: [/usr/local/include;/usr/lib/llvm-10/lib/clang/10.0.0/include;/usr/include/x86_64-linux-gnu;/usr/include]


Parsed C implicit link information from above output:
  link line regex: [^( *|.*[/\])(ld|CMAKE_LINK_STARTFILE-NOTFOUND|([^/\]+-)?ld|collect2)[^/\]*( |$)]
  ignore line: [Change Dir: /home/alien/Desktop/c++/build/CMakeFiles/CMakeTmp]
  ignore line: []
  ignore line: [Run Build Command(s):/usr/bin/make cmTC_6a9d7/fast && /usr/bin/make -f CMakeFiles/cmTC_6a9d7.dir/build.make CMakeFiles/cmTC_6a9d7.dir/build]
  ignore line: [make[1]: Entering directory '/home/alien/Desktop/c++/build/CMakeFiles/CMakeTmp']
  ignore line: [Building C object CMakeFiles/cmTC_6a9d7.dir/CMakeCCompilerABI.c.o]
  ignore line: [/usr/bin/clang   -v -o CMakeFiles/cmTC_6a9d7.dir/CMakeCCompilerABI.c.o   -c /usr/share/cmake-3.16/Modules/CMakeCCompilerABI.c]
  ignore line: [clang version 10.0.0-4ubuntu1 ]
  ignore line: [Target: x86_64-pc-linux-gnu]
  ignore line: [Thread model: posix]
  ignore line: [InstalledDir: /usr/bin]
  ignore line: [Found candidate GCC installation: /usr/bin/../lib/gcc/x86_64-linux-gnu/9]
  ignore line: [Found candidate GCC installation: /usr/lib/gcc/x86_64-linux-gnu/9]
  ignore line: [Selected GCC installation: /usr/bin/../lib/gcc/x86_64-linux-gnu/9]
  ignore line: [Candidate multilib: .]
  ignore line: [@m64]
  ignore line: [Selected multilib: .]
  ignore line: [@m64]
  ignore line: [ (in-process)]
  ignore line: [ "/usr/lib/llvm-10/bin/clang" -cc1 -triple x86_64-pc-linux-gnu -emit-obj -mrelax-all -disable-free -disable-llvm-verifier -discard-value-names -main-file-name CMakeCCompilerABI.c -mrelocation-model static -mthread-model posix -mframe-pointer=all -fmath-errno -fno-rounding-math -masm-verbose -mconstructor-aliases -munwind-tables -target-cpu x86-64 -dwarf-column-info -fno-split-dwarf-inlining -debugger-tuning=gdb -v -resource-dir /usr/lib/llvm-10/lib/clang/10.0.0 -internal-isystem /usr/local/include -internal-isystem /usr/lib/llvm-10/lib/clang/10.0.0/include -internal-externc-isystem /usr/include/x86_64-linux-gnu -internal-externc-isystem /include -internal-externc-isystem /usr/include -fdebug-compilation-dir /home/alien/Desktop/c++/build/CMakeFiles/CMakeTmp -ferror-limit 19 -fmessage-length 0 -fgnuc-version=4.2.1 -fobjc-runtime=gcc -fdiagnostics-show-option -faddrsig -o CMakeFiles/cmTC_6a9d7.dir/CMakeCCompilerABI.c.o -x c /usr/share/cmake-3.16/Modules/CMakeCCompilerABI.c]
  ignore line: [clang -cc1 version 10.0.0 based upon LLVM 10.0.0 default target x86_64-pc-linux-gnu]
  ignore line: [ignoring nonexistent directory "/include"]
  ignore line: [#include "..." search starts here:]
  ignore line: [#include <...> search starts here:]
  ignore line: [ /usr/local/include]
  ignore line: [ /usr/lib/llvm-10/lib/clang/10.0.0/include]
  ignore line: [ /usr/include/x86_64-linux-gnu]
  ignore line: [ /usr/include]
  ignore line: [End of search list.]
  ignore line: [Linking C executable cmTC_6a9d7]
  ignore line: [/usr/bin/cmake -E cmake_link_script CMakeFiles/cmTC_6a9d7.dir/link.txt --verbose=1]
  ignore line: [/usr/bin/clang     -v -rdynamic CMakeFiles/cmTC_6a9d7.dir/CMakeCCompilerABI.c.o  -o cmTC_6a9d7 ]
  ignore line: [clang version 10.0.0-4ubuntu1 ]
  ignore line: [Target: x86_64-pc-linux-gnu]
  ignore line: [Thread model: posix]
  ignore line: [InstalledDir: /usr/bin]
  ignore line: [Found candidate GCC installation: /usr/bin/../lib/gcc/x86_64-linux-gnu/9]
  ignore line: [Found candidate GCC installation: /usr/lib/gcc/x86_64-linux-gnu/9]
  ignore line: [Selected GCC installation: /usr/bin/../lib/gcc/x86_64-linux-gnu/9]
  ignore line: [Candidate multilib: .]
  ignore line: [@m64]
  ignore line: [Selected multilib: .]
  ignore line: [@m64]
  link line: [ "/usr/bin/ld" -export-dynamic -z relro --hash-style=gnu --build-id --eh-frame-hdr -m elf_x86_64 -export-dynamic -dynamic-linker /lib64/ld-linux-x86-64.so.2 -o cmTC_6a9d7 /usr/bin/../lib/gcc/x86_64-linux-gnu/9/../../../x86_64-linux-gnu/crt1.o /usr/bin/../lib/gcc/x86_64-linux-gnu/9/../../../x86_64-linux-gnu/crti.o /usr/bin/../lib/gcc/x86_64-linux-gnu/9/crtbegin.o -L/usr/bin/../lib/gcc/x86_64-linux-gnu/9 -L/usr/bin/../lib/gcc/x86_64-linux-gnu/9/../../../x86_64-linux-gnu -L/usr/bin/../lib/gcc/x86_64-linux-gnu/9/../../../../lib64 -L/lib/x86_64-linux-gnu -L/lib/../lib64 -L/usr/lib/x86_64-linux-gnu -L/usr/lib/../lib64 -L/usr/lib/x86_64-linux-gnu/../../lib64 -L/usr/bin/../lib/gcc/x86_64-linux-gnu/9/../../.. -L/usr/lib/llvm-10/bin/../lib -L/lib -L/usr/lib CMakeFiles/cmTC_6a9d7.dir/CMakeCCompilerABI.c.o -lgcc --as-needed -lgcc_s --no-as-needed -lc -lgcc --as-needed -lgcc_s --no-as-needed /usr/bin/../lib/gcc/x86_64-linux-gnu/9/crtend.o /usr/bin/../lib/gcc/x86_64-linux-gnu/9/../../../x86_64-linux-gnu/crtn.o]
    arg [/usr/bin/ld] ==> ignore
    arg [-export-dynamic] ==> ignore
    arg [-zrelro] ==> ignore
    arg [--hash-style=gnu] ==> ignore
    arg [--build-id] ==> ignore
    arg [--eh-frame-hdr] ==> ignore
    arg [-m] ==> ignore
    arg [elf_x86_64] ==> ignore
    arg [-export-dynamic] ==> ignore
    arg [-dynamic-linker] ==> ignore
    arg [/lib64/ld-linux-x86-64.so.2] ==> ignore
    arg [-o] ==> ignore
    arg [cmTC_6a9d7] ==> ignore
    arg [/usr/bin/../lib/gcc/x86_64-linux-gnu/9/../../../x86_64-linux-gnu/crt1.o] ==> ignore
    arg [/usr/bin/../lib/gcc/x86_64-linux-gnu/9/../../../x86_64-linux-gnu/crti.o] ==> ignore
    arg [/usr/bin/../lib/gcc/x86_64-linux-gnu/9/crtbegin.o] ==> ignore
    arg [-L/usr/bin/../lib/gcc/x86_64-linux-gnu/9] ==> dir [/usr/bin/../lib/gcc/x86_64-linux-gnu/9]
    arg [-L/usr/bin/../lib/gcc/x86_64-linux-gnu/9/../../../x86_64-linux-gnu] ==> dir [/usr/bin/../lib/gcc/x86_64-linux-gnu/9/../../../x86_64-linux-gnu]
    arg [-L/usr/bin/../lib/gcc/x86_64-linux-gnu/9/../../../../lib64] ==> dir [/usr/bin/../lib/gcc/x86_64-linux-gnu/9/../../../../lib64]
    arg [-L/lib/x86_64-linux-gnu] ==> dir [/lib/x86_64-linux-gnu]
    arg [-L/lib/../lib64] ==> dir [/lib/../lib64]
    arg [-L/usr/lib/x86_64-linux-gnu] ==> dir [/usr/lib/x86_64-linux-gnu]
    arg [-L/usr/lib/../lib64] ==> dir [/usr/lib/../lib64]
    arg [-L/usr/lib/x86_64-linux-gnu/../../lib64] ==> dir [/usr/lib/x86_64-linux-gnu/../../lib64]
    arg [-L/usr/bin/../lib/gcc/x86_64-linux-gnu/9/../../..] ==> dir [/usr/bin/../lib/gcc/x86_64-linux-gnu/9/../../..]
    arg [-L/usr/lib/llvm-10/bin/../lib] ==> dir [/usr/lib/llvm-10/bin/../lib]
    arg [-L/lib] ==> dir [/lib]
    arg [-L/usr/lib] ==> dir [/usr/lib]
    arg [CMakeFiles/cmTC_6a9d7.dir/CMakeCCompilerABI.c.o] ==> ignore
    arg [-lgcc] ==> lib [gcc]
    arg [--as-needed] ==> ignore
    arg [-lgcc_s] ==> lib [gcc_s]
    arg [--no-as-needed] ==> ignore
    arg [-lc] ==> lib [c]
    arg [-lgcc] ==> lib [gcc]
    arg [--as-needed] ==> ignore
    arg [-lgcc_s] ==> lib [gcc_s]
    arg [--no-as-needed] ==> ignore
    arg [/usr/bin/../lib/gcc/x86_64-linux-gnu/9/crtend.o] ==> ignore
    arg [/usr/bin/../lib/gcc/x86_64-linux-gnu/9/../../../x86_64-linux-gnu/crtn.o] ==> ignore
  collapse library dir [/usr/bin/../lib/gcc/x86_64-linux-gnu/9] ==> [/usr/lib/gcc/x86_64-linux-gnu/9]
  collapse library dir [/usr/bin/../lib/gcc/x86_64-linux-gnu/9/../../../x86_64-linux-gnu] ==> [/usr/lib/x86_64-linux-gnu]
  collapse library dir [/usr/bin/../lib/gcc/x86_64-linux-gnu/9/../../../../lib64] ==> [/usr/lib64]
  collapse library dir [/lib/x86_64-linux-gnu] ==> [/lib/x86_64-linux-gnu]
  collapse library dir [/lib/../lib64] ==> [/lib64]
  collapse library dir [/usr/lib/x86_64-linux-gnu] ==> [/usr/lib/x86_64-linux-gnu]
  collapse library dir [/usr/lib/../lib64] ==> [/usr/lib64]
  collapse library dir [/usr/lib/x86_64-linux-gnu/../../lib64] ==> [/usr/lib64]
  collapse library dir [/usr/bin/../lib/gcc/x86_64-linux-gnu/9/../../..] ==> [/usr/lib]
  collapse library dir [/usr/lib/llvm-10/bin/../lib] ==> [/usr/lib/llvm-10/lib]
  collapse library dir [/lib] ==> [/lib]
  collapse library dir [/usr/lib] ==> [/usr/lib]
  implicit libs: [gcc;gcc_s;c;gcc;gcc_s]
  implicit dirs: [/usr/lib/gcc/x86_64-linux-gnu/9;/usr/lib/x86_64-linux-gnu;/usr/lib64;/lib/x86_64-linux-gnu;/lib64;/usr/lib;/usr/lib/llvm-10/lib;/lib]
  implicit fwks: []


Determining if the include file sys/types.h exists passed with the following output:
Change Dir: /home/alien/Desktop/c++/build/CMakeFiles/CMakeTmp

Run Build Command(s):/usr/bin/make cmTC_a28b4/fast && /usr/bin/make -f CMakeFiles/cmTC_a28b4.dir/build.make CMakeFiles/cmTC_a28b4.dir/build
make[1]: Entering directory '/home/alien/Desktop/c++/build/CMakeFiles/CMakeTmp'
Building C object CMakeFiles/cmTC_a28b4.dir/CheckIncludeFile.c.o
/usr/bin/clang    -o CMakeFiles/cmTC_a28b4.dir/CheckIncludeFile.c.o   -c /home/alien/Desktop/c++/build/CMakeFiles/CMakeTmp/CheckIncludeFile.c
Linking C executable cmTC_a28b4
/usr/bin/cmake -E cmake_link_script CMakeFiles/cmTC_a28b4.dir/link.txt --verbose=1
/usr/bin/clang      -rdynamic CMakeFiles/cmTC_a28b4.dir/CheckIncludeFile.c.o  -o cmTC_a28b4 
make[1]: Leaving directory '/home/alien/Desktop/c++/build/CMakeFiles/CMakeTmp'



Determining if the include file stdint.h exists passed with the following output:
Change Dir: /home/alien/Desktop/c++/build/CMakeFiles/CMakeTmp

Run Build Command(s):/usr/bin/make cmTC_43275/fast && /usr/bin/make -f CMakeFiles/cmTC_43275.dir/build.make CMakeFiles/cmTC_43275.dir/build
make[1]: Entering directory '/home/alien/Desktop/c++/build/CMakeFiles/CMakeTmp'
Building C object CMakeFiles/cmTC_43275.dir/CheckIncludeFile.c.o
/usr/bin/clang    -o CMakeFiles/cmTC_43275.dir/CheckIncludeFile.c.o   -c /home/alien/Desktop/c++/build/CMakeFiles/CMakeTmp/CheckIncludeFile.c
Linking C executable cmTC_43275
/usr/bin/cmake -E cmake_link_script CMakeFiles/cmTC_43275.dir/link.txt --verbose=1
/usr/bin/clang      -rdynamic CMakeFiles/cmTC_43275.dir/CheckIncludeFile.c.o  -o cmTC_43275 
make[1]: Leaving directory '/home/alien/Desktop/c++/build/CMakeFiles/CMakeTmp'



Determining if the include file stddef.h exists passed with the following output:
Change Dir: /home/alien/Desktop/c++/build/CMakeFiles/CMakeTmp

Run Build Command(s):/usr/bin/make cmTC_4c75d/fast && /usr/bin/make -f CMakeFiles/cmTC_4c75d.dir/build.make CMakeFiles/cmTC_4c75d.dir/build
make[1]: Entering directory '/home/alien/Desktop/c++/build/CMakeFiles/CMakeTmp'
Building C object CMakeFiles/cmTC_4c75d.dir/CheckIncludeFile.c.o
/usr/bin/clang    -o CMakeFiles/cmTC_4c75d.dir/CheckIncludeFile.c.o   -c /home/alien/Desktop/c++/build/CMakeFiles/CMakeTmp/CheckIncludeFile.c
Linking C executable cmTC_4c75d
/usr/bin/cmake -E cmake_link_script CMakeFiles/cmTC_4c75d.dir/link.txt --verbose=1
/usr/bin/clang      -rdynamic CMakeFiles/cmTC_4c75d.dir/CheckIncludeFile.c.o  -o cmTC_4c75d 
make[1]: Leaving directory '/home/alien/Desktop/c++/build/CMakeFiles/CMakeTmp'



Determining size of off64_t passed with the following output:
Change Dir: /home/alien/Desktop/c++/build/CMakeFiles/CMakeTmp

Run Build Command(s):/usr/bin/make cmTC_8a710/fast && /usr/bin/make -f CMakeFiles/cmTC_8a710.dir/build.make CMakeFiles/cmTC_8a710.dir/build
make[1]: Entering directory '/home/alien/Desktop/c++/build/CMakeFiles/CMakeTmp'
Building C object CMakeFiles/cmTC_8a710.dir/OFF64_T.c.o
/usr/bin/clang -DHAVE_STDDEF_H -DHAVE_STDINT_H -DHAVE_SYS_TYPES_H -D_LARGEFILE64_SOURCE=1   -o CMakeFiles/cmTC_8a710.dir/OFF64_T.c.o   -c /home/alien/Desktop/c++/build/CMakeFiles/CheckTypeSize/OFF64_T.c
Linking C executable cmTC_8a710
/usr/bin/cmake -E cmake_link_script CMakeFiles/cmTC_8a710.dir/link.txt --verbose=1
/usr/bin/clang      -rdynamic CMakeFiles/cmTC_8a710.dir/OFF64_T.c.o  -o cmTC_8a710 
make[1]: Leaving directory '/home/alien/Desktop/c++/build/CMakeFiles/CMakeTmp'



Determining if the function fseeko exists passed with the following output:
Change Dir: /home/alien/Desktop/c++/build/CMakeFiles/CMakeTmp

Run Build Command(s):/usr/bin/make cmTC_45329/fast && /usr/bin/make -f CMakeFiles/cmTC_45329.dir/build.make CMakeFiles/cmTC_45329.dir/build
make[1]: Entering directory '/home/alien/Desktop/c++/build/CMakeFiles/CMakeTmp'
Building C object CMakeFiles/cmTC_45329.dir/CheckFunctionExists.c.o
/usr/bin/clang   -DCHECK_FUNCTION_EXISTS=fseeko   -o CMakeFiles/cmTC_45329.dir/CheckFunctionExists.c.o   -c /usr/share/cmake-3.16/Modules/CheckFunctionExists.c
Linking C executable cmTC_45329
/usr/bin/cmake -E cmake_link_script CMakeFiles/cmTC_45329.dir/link.txt --verbose=1
/usr/bin/clang  -DCHECK_FUNCTION_EXISTS=fseeko    -rdynamic CMakeFiles/cmTC_45329.dir/CheckFunctionExists.c.o  -o cmTC_45329 
make[1]: Leaving directory '/home/alien/Desktop/c++/build/CMakeFiles/CMakeTmp'



Determining if the include file unistd.h exists passed with the following output:
Change Dir: /home/alien/Desktop/c++/build/CMakeFiles/CMakeTmp

Run Build Command(s):/usr/bin/make cmTC_e8be6/fast && /usr/bin/make -f CMakeFiles/cmTC_e8be6.dir/build.make CMakeFiles/cmTC_e8be6.dir/build
make[1]: Entering directory '/home/alien/Desktop/c++/build/CMakeFiles/CMakeTmp'
Building C object CMakeFiles/cmTC_e8be6.dir/CheckIncludeFile.c.o
/usr/bin/clang    -o CMakeFiles/cmTC_e8be6.dir/CheckIncludeFile.c.o   -c /home/alien/Desktop/c++/build/CMakeFiles/CMakeTmp/CheckIncludeFile.c
Linking C executable cmTC_e8be6
/usr/bin/cmake -E cmake_link_script CMakeFiles/cmTC_e8be6.dir/link.txt --verbose=1
/usr/bin/clang      -rdynamic CMakeFiles/cmTC_e8be6.dir/CheckIncludeFile.c.o  -o cmTC_e8be6 
make[1]: Leaving directory '/home/alien/Desktop/c++/build/CMakeFiles/CMakeTmp'



